<?xml version="1.0" encoding="UTF-8"?>
<!-- Generated by org.testng.reporters.JUnitXMLReporter -->
<testsuite hostname="DESKTOP-6GG2TDV" ignored="0" name="Default test" tests="3" failures="0" timestamp="13 May 2018 15:38:21 GMT" time="29.052" errors="0">
  <testcase name="validateloginPageTitle" time="0.07" classname="com.newtours.testcase.LoginPageTest"/>
  <testcase name="CheckFindAFlightTextIsAvailable" time="0.455" classname="com.newtours.testcase.LoginPageTest"/>
  <testcase name="ClickOnRegistrationButton" time="0.147" classname="com.newtours.testcase.LoginPageTest"/>
</testsuite> <!-- Default test -->
