<?xml version="1.0" encoding="UTF-8"?>
<!-- Generated by org.testng.reporters.JUnitXMLReporter -->
<testsuite hostname="DESKTOP-6GG2TDV" ignored="0" name="Command line test" tests="6" failures="0" timestamp="19 May 2018 08:24:57 GMT" time="43.326" errors="0">
  <testcase name="validateloginPageTitle" time="0.019" classname="com.newtours.testcase.LoginPageTest"/>
  <testcase name="ClickOnRegistrationbutton" time="0.097" classname="com.newtours.testcase.RegistrationPageTest"/>
  <testcase name="CheckFindAFlightTextIsAvailable" time="0.121" classname="com.newtours.testcase.LoginPageTest"/>
  <testcase name="ValidateRegistrationPageLoaded" time="0.09" classname="com.newtours.testcase.RegistrationPageTest"/>
  <testcase name="ClickOnRegistrationButton" time="0.105" classname="com.newtours.testcase.LoginPageTest"/>
  <testcase name="FillRegistrationForm" time="0.907" classname="com.newtours.testcase.RegistrationPageTest"/>
</testsuite> <!-- Command line test -->
