<?xml version="1.0" encoding="UTF-8" ?>
<testsuite tests="6" failures="0" name="TestSuite" time="1.345" errors="0" skipped="0">
  <properties>
[...]
</properties>
  <testcase classname="com.newtours.testcase.LoginPageTest" name="validateloginPageTitle" time="0.023"/>
  <testcase classname="com.newtours.testcase.RegistrationPageTest" name="ClickOnRegistrationbutton" time="0.097"/>
  <testcase classname="com.newtours.testcase.LoginPageTest" name="CheckFindAFlightTextIsAvailable" time="0.122"/>
  <testcase classname="com.newtours.testcase.RegistrationPageTest" name="ValidateRegistrationPageLoaded" time="0.09"/>
  <testcase classname="com.newtours.testcase.LoginPageTest" name="ClickOnRegistrationButton" time="0.106"/>
  <testcase classname="com.newtours.testcase.RegistrationPageTest" name="FillRegistrationForm" time="0.907"/>
</testsuite>