<?xml version="1.0" encoding="UTF-8"?>
<testng-results skipped="0" failed="0" ignored="0" total="6" passed="6">
  <reporter-output>
  </reporter-output>
  <suite name="Command line suite" duration-ms="43326" started-at="2018-05-19T08:24:13Z" finished-at="2018-05-19T08:24:57Z">
    <groups>
    </groups>
    <test name="Command line test" duration-ms="43326" started-at="2018-05-19T08:24:13Z" finished-at="2018-05-19T08:24:57Z">
      <class name="com.newtours.testcase.LoginPageTest">
        <test-method status="PASS" signature="Setup()[pri:0, instance:com.newtours.testcase.LoginPageTest@2669b199]" name="Setup" is-config="true" duration-ms="12881" started-at="2018-05-19T13:54:13Z" finished-at="2018-05-19T13:54:26Z">
          <reporter-output>
          </reporter-output>
        </test-method> <!-- Setup -->
        <test-method status="PASS" signature="validateloginPageTitle()[pri:1, instance:com.newtours.testcase.LoginPageTest@2669b199]" name="validateloginPageTitle" duration-ms="19" started-at="2018-05-19T13:54:26Z" finished-at="2018-05-19T13:54:26Z">
          <reporter-output>
          </reporter-output>
        </test-method> <!-- validateloginPageTitle -->
        <test-method status="PASS" signature="Teardown()[pri:0, instance:com.newtours.testcase.LoginPageTest@2669b199]" name="Teardown" is-config="true" duration-ms="1070" started-at="2018-05-19T13:54:26Z" finished-at="2018-05-19T13:54:27Z">
          <reporter-output>
          </reporter-output>
        </test-method> <!-- Teardown -->
        <test-method status="PASS" signature="Setup()[pri:0, instance:com.newtours.testcase.LoginPageTest@2669b199]" name="Setup" is-config="true" duration-ms="9144" started-at="2018-05-19T13:54:36Z" finished-at="2018-05-19T13:54:45Z">
          <reporter-output>
          </reporter-output>
        </test-method> <!-- Setup -->
        <test-method status="PASS" signature="CheckFindAFlightTextIsAvailable()[pri:2, instance:com.newtours.testcase.LoginPageTest@2669b199]" name="CheckFindAFlightTextIsAvailable" duration-ms="121" started-at="2018-05-19T13:54:45Z" finished-at="2018-05-19T13:54:45Z">
          <reporter-output>
          </reporter-output>
        </test-method> <!-- CheckFindAFlightTextIsAvailable -->
        <test-method status="PASS" signature="Teardown()[pri:0, instance:com.newtours.testcase.LoginPageTest@2669b199]" name="Teardown" is-config="true" duration-ms="324" started-at="2018-05-19T13:54:45Z" finished-at="2018-05-19T13:54:46Z">
          <reporter-output>
          </reporter-output>
        </test-method> <!-- Teardown -->
        <test-method status="PASS" signature="Setup()[pri:0, instance:com.newtours.testcase.LoginPageTest@2669b199]" name="Setup" is-config="true" duration-ms="8444" started-at="2018-05-19T13:54:46Z" finished-at="2018-05-19T13:54:54Z">
          <reporter-output>
          </reporter-output>
        </test-method> <!-- Setup -->
        <test-method status="PASS" signature="ClickOnRegistrationButton()[pri:3, instance:com.newtours.testcase.LoginPageTest@2669b199]" name="ClickOnRegistrationButton" duration-ms="105" started-at="2018-05-19T13:54:54Z" finished-at="2018-05-19T13:54:54Z">
          <reporter-output>
          </reporter-output>
        </test-method> <!-- ClickOnRegistrationButton -->
        <test-method status="PASS" signature="Teardown()[pri:0, instance:com.newtours.testcase.LoginPageTest@2669b199]" name="Teardown" is-config="true" duration-ms="381" started-at="2018-05-19T13:54:54Z" finished-at="2018-05-19T13:54:55Z">
          <reporter-output>
          </reporter-output>
        </test-method> <!-- Teardown -->
      </class> <!-- com.newtours.testcase.LoginPageTest -->
      <class name="com.newtours.testcase.RegistrationPageTest">
        <test-method status="PASS" signature="Setup()[pri:0, instance:com.newtours.testcase.RegistrationPageTest@2344fc66]" name="Setup" is-config="true" duration-ms="8555" started-at="2018-05-19T13:54:27Z" finished-at="2018-05-19T13:54:36Z">
          <reporter-output>
          </reporter-output>
        </test-method> <!-- Setup -->
        <test-method status="PASS" signature="ClickOnRegistrationbutton()[pri:1, instance:com.newtours.testcase.RegistrationPageTest@2344fc66]" name="ClickOnRegistrationbutton" duration-ms="97" started-at="2018-05-19T13:54:36Z" finished-at="2018-05-19T13:54:36Z">
          <reporter-output>
          </reporter-output>
        </test-method> <!-- ClickOnRegistrationbutton -->
        <test-method status="PASS" signature="ValidateRegistrationPageLoaded()[pri:2, instance:com.newtours.testcase.RegistrationPageTest@2344fc66]" name="ValidateRegistrationPageLoaded" duration-ms="90" started-at="2018-05-19T13:54:46Z" finished-at="2018-05-19T13:54:46Z">
          <reporter-output>
          </reporter-output>
        </test-method> <!-- ValidateRegistrationPageLoaded -->
        <test-method status="PASS" signature="FillRegistrationForm(java.lang.String, java.lang.String, java.lang.String, java.lang.String, java.lang.String, java.lang.String, java.lang.String, java.lang.String, java.lang.String, java.lang.String, java.lang.String)[pri:3, instance:com.newtours.testcase.RegistrationPageTest@2344fc66]" name="FillRegistrationForm" duration-ms="907" started-at="2018-05-19T13:54:56Z" data-provider="getDemoutTourTestData" finished-at="2018-05-19T13:54:57Z">
          <params>
            <param index="0">
              <value>
                <![CDATA[vivek]]>
              </value>
            </param>
            <param index="1">
              <value>
                <![CDATA[tiwari]]>
              </value>
            </param>
            <param index="2">
              <value>
                <![CDATA[9.55527589E9]]>
              </value>
            </param>
            <param index="3">
              <value>
                <![CDATA[vtiwari@gmail.com]]>
              </value>
            </param>
            <param index="4">
              <value>
                <![CDATA[indirapuram]]>
              </value>
            </param>
            <param index="5">
              <value>
                <![CDATA[gzb]]>
              </value>
            </param>
            <param index="6">
              <value>
                <![CDATA[Uttar Pradesh]]>
              </value>
            </param>
            <param index="7">
              <value>
                <![CDATA[201010.0]]>
              </value>
            </param>
            <param index="8">
              <value>
                <![CDATA[vtiwari]]>
              </value>
            </param>
            <param index="9">
              <value>
                <![CDATA[1.23456789E8]]>
              </value>
            </param>
            <param index="10">
              <value>
                <![CDATA[1.23456789E8]]>
              </value>
            </param>
          </params>
          <reporter-output>
          </reporter-output>
        </test-method> <!-- FillRegistrationForm -->
        <test-method status="PASS" signature="TearOut()[pri:0, instance:com.newtours.testcase.RegistrationPageTest@2344fc66]" name="TearOut" is-config="true" duration-ms="1" started-at="2018-05-19T13:54:57Z" finished-at="2018-05-19T13:54:57Z">
          <reporter-output>
          </reporter-output>
        </test-method> <!-- TearOut -->
      </class> <!-- com.newtours.testcase.RegistrationPageTest -->
    </test> <!-- Command line test -->
  </suite> <!-- Command line suite -->
</testng-results>
